Analysis & Synthesis report for DDS_signal_generator
Tue Feb 11 18:26:26 2025
Quartus II 64-Bit Version 13.0.1 Build 232 06/12/2013 Service Pack 1 SJ Full Version


---------------------
; Table of Contents ;
---------------------
  1. Legal Notice
  2. Analysis & Synthesis Summary
  3. Analysis & Synthesis Settings
  4. Parallel Compilation
  5. Analysis & Synthesis Source Files Read
  6. Analysis & Synthesis Resource Usage Summary
  7. Analysis & Synthesis Resource Utilization by Entity
  8. Analysis & Synthesis RAM Summary
  9. Analysis & Synthesis DSP Block Usage Summary
 10. Analysis & Synthesis IP Cores Summary
 11. General Register Statistics
 12. Multiplexer Restructuring Statistics (Restructuring Performed)
 13. Source assignments for dds_ctrl:dds_ctrl_inst|rom_4_waveforms:rom_4_waveforms_inst|altsyncram:altsyncram_component|altsyncram_v6a1:auto_generated
 14. Parameter Settings for User Entity Instance: key_ctrl:key_ctrl_inst|button_filter:button_filter_inst1
 15. Parameter Settings for User Entity Instance: key_ctrl:key_ctrl_inst|button_filter:button_filter_inst0
 16. Parameter Settings for User Entity Instance: key_ctrl:key_ctrl_inst|button_filter:button_filter_inst2
 17. Parameter Settings for User Entity Instance: dds_ctrl:dds_ctrl_inst
 18. Parameter Settings for User Entity Instance: dds_ctrl:dds_ctrl_inst|rom_4_waveforms:rom_4_waveforms_inst|altsyncram:altsyncram_component
 19. Parameter Settings for Inferred Entity Instance: dds_ctrl:dds_ctrl_inst|lpm_mult:Mult0
 20. altsyncram Parameter Settings by Entity Instance
 21. lpm_mult Parameter Settings by Entity Instance
 22. Port Connectivity Checks: "key_ctrl:key_ctrl_inst"
 23. Elapsed Time Per Partition
 24. Analysis & Synthesis Messages



----------------
; Legal Notice ;
----------------
Copyright (C) 1991-2013 Altera Corporation
Your use of Altera Corporation's design tools, logic functions 
and other software and tools, and its AMPP partner logic 
functions, and any output files from any of the foregoing 
(including device programming or simulation files), and any 
associated documentation or information are expressly subject 
to the terms and conditions of the Altera Program License 
Subscription Agreement, Altera MegaCore Function License 
Agreement, or other applicable license agreement, including, 
without limitation, that your use is for the sole purpose of 
programming logic devices manufactured by Altera and sold by 
Altera or its authorized distributors.  Please refer to the 
applicable agreement for further details.



+---------------------------------------------------------------------------------------+
; Analysis & Synthesis Summary                                                          ;
+------------------------------------+--------------------------------------------------+
; Analysis & Synthesis Status        ; Successful - Tue Feb 11 18:26:26 2025            ;
; Quartus II 64-Bit Version          ; 13.0.1 Build 232 06/12/2013 SP 1 SJ Full Version ;
; Revision Name                      ; DDS_signal_generator                             ;
; Top-level Entity Name              ; dds                                              ;
; Family                             ; Cyclone IV E                                     ;
; Total logic elements               ; 234                                              ;
;     Total combinational functions  ; 208                                              ;
;     Dedicated logic registers      ; 135                                              ;
; Total registers                    ; 135                                              ;
; Total pins                         ; 15                                               ;
; Total virtual pins                 ; 0                                                ;
; Total memory bits                  ; 131,072                                          ;
; Embedded Multiplier 9-bit elements ; 6                                                ;
; Total PLLs                         ; 0                                                ;
+------------------------------------+--------------------------------------------------+


+------------------------------------------------------------------------------------------------------------------------+
; Analysis & Synthesis Settings                                                                                          ;
+----------------------------------------------------------------------------+--------------------+----------------------+
; Option                                                                     ; Setting            ; Default Value        ;
+----------------------------------------------------------------------------+--------------------+----------------------+
; Device                                                                     ; EP4CE10F17C8       ;                      ;
; Top-level entity name                                                      ; dds                ; DDS_signal_generator ;
; Family name                                                                ; Cyclone IV E       ; Cyclone IV GX        ;
; Use smart compilation                                                      ; Off                ; Off                  ;
; Enable parallel Assembler and TimeQuest Timing Analyzer during compilation ; On                 ; On                   ;
; Enable compact report table                                                ; Off                ; Off                  ;
; Restructure Multiplexers                                                   ; Auto               ; Auto                 ;
; Create Debugging Nodes for IP Cores                                        ; Off                ; Off                  ;
; Preserve fewer node names                                                  ; On                 ; On                   ;
; Disable OpenCore Plus hardware evaluation                                  ; Off                ; Off                  ;
; Verilog Version                                                            ; Verilog_2001       ; Verilog_2001         ;
; VHDL Version                                                               ; VHDL_1993          ; VHDL_1993            ;
; State Machine Processing                                                   ; Auto               ; Auto                 ;
; Safe State Machine                                                         ; Off                ; Off                  ;
; Extract Verilog State Machines                                             ; On                 ; On                   ;
; Extract VHDL State Machines                                                ; On                 ; On                   ;
; Ignore Verilog initial constructs                                          ; Off                ; Off                  ;
; Iteration limit for constant Verilog loops                                 ; 5000               ; 5000                 ;
; Iteration limit for non-constant Verilog loops                             ; 250                ; 250                  ;
; Add Pass-Through Logic to Inferred RAMs                                    ; On                 ; On                   ;
; Infer RAMs from Raw Logic                                                  ; On                 ; On                   ;
; Parallel Synthesis                                                         ; On                 ; On                   ;
; DSP Block Balancing                                                        ; Auto               ; Auto                 ;
; NOT Gate Push-Back                                                         ; On                 ; On                   ;
; Power-Up Don't Care                                                        ; On                 ; On                   ;
; Remove Redundant Logic Cells                                               ; Off                ; Off                  ;
; Remove Duplicate Registers                                                 ; On                 ; On                   ;
; Ignore CARRY Buffers                                                       ; Off                ; Off                  ;
; Ignore CASCADE Buffers                                                     ; Off                ; Off                  ;
; Ignore GLOBAL Buffers                                                      ; Off                ; Off                  ;
; Ignore ROW GLOBAL Buffers                                                  ; Off                ; Off                  ;
; Ignore LCELL Buffers                                                       ; Off                ; Off                  ;
; Ignore SOFT Buffers                                                        ; On                 ; On                   ;
; Limit AHDL Integers to 32 Bits                                             ; Off                ; Off                  ;
; Optimization Technique                                                     ; Balanced           ; Balanced             ;
; Carry Chain Length                                                         ; 70                 ; 70                   ;
; Auto Carry Chains                                                          ; On                 ; On                   ;
; Auto Open-Drain Pins                                                       ; On                 ; On                   ;
; Perform WYSIWYG Primitive Resynthesis                                      ; Off                ; Off                  ;
; Auto ROM Replacement                                                       ; On                 ; On                   ;
; Auto RAM Replacement                                                       ; On                 ; On                   ;
; Auto DSP Block Replacement                                                 ; On                 ; On                   ;
; Auto Shift Register Replacement                                            ; Auto               ; Auto                 ;
; Allow Shift Register Merging across Hierarchies                            ; Auto               ; Auto                 ;
; Auto Clock Enable Replacement                                              ; On                 ; On                   ;
; Strict RAM Replacement                                                     ; Off                ; Off                  ;
; Allow Synchronous Control Signals                                          ; On                 ; On                   ;
; Force Use of Synchronous Clear Signals                                     ; Off                ; Off                  ;
; Auto RAM Block Balancing                                                   ; On                 ; On                   ;
; Auto RAM to Logic Cell Conversion                                          ; Off                ; Off                  ;
; Auto Resource Sharing                                                      ; Off                ; Off                  ;
; Allow Any RAM Size For Recognition                                         ; Off                ; Off                  ;
; Allow Any ROM Size For Recognition                                         ; Off                ; Off                  ;
; Allow Any Shift Register Size For Recognition                              ; Off                ; Off                  ;
; Use LogicLock Constraints during Resource Balancing                        ; On                 ; On                   ;
; Ignore translate_off and synthesis_off directives                          ; Off                ; Off                  ;
; Timing-Driven Synthesis                                                    ; On                 ; On                   ;
; Report Parameter Settings                                                  ; On                 ; On                   ;
; Report Source Assignments                                                  ; On                 ; On                   ;
; Report Connectivity Checks                                                 ; On                 ; On                   ;
; Ignore Maximum Fan-Out Assignments                                         ; Off                ; Off                  ;
; Synchronization Register Chain Length                                      ; 2                  ; 2                    ;
; PowerPlay Power Optimization                                               ; Normal compilation ; Normal compilation   ;
; HDL message level                                                          ; Level2             ; Level2               ;
; Suppress Register Optimization Related Messages                            ; Off                ; Off                  ;
; Number of Removed Registers Reported in Synthesis Report                   ; 5000               ; 5000                 ;
; Number of Swept Nodes Reported in Synthesis Report                         ; 5000               ; 5000                 ;
; Number of Inverted Registers Reported in Synthesis Report                  ; 100                ; 100                  ;
; Clock MUX Protection                                                       ; On                 ; On                   ;
; Auto Gated Clock Conversion                                                ; Off                ; Off                  ;
; Block Design Naming                                                        ; Auto               ; Auto                 ;
; SDC constraint protection                                                  ; Off                ; Off                  ;
; Synthesis Effort                                                           ; Auto               ; Auto                 ;
; Shift Register Replacement - Allow Asynchronous Clear Signal               ; On                 ; On                   ;
; Pre-Mapping Resynthesis Optimization                                       ; Off                ; Off                  ;
; Analysis & Synthesis Message Level                                         ; Medium             ; Medium               ;
; Disable Register Merging Across Hierarchies                                ; Auto               ; Auto                 ;
; Resource Aware Inference For Block RAM                                     ; On                 ; On                   ;
; Synthesis Seed                                                             ; 1                  ; 1                    ;
+----------------------------------------------------------------------------+--------------------+----------------------+


+------------------------------------------+
; Parallel Compilation                     ;
+----------------------------+-------------+
; Processors                 ; Number      ;
+----------------------------+-------------+
; Number detected on machine ; 8           ;
; Maximum allowed            ; 4           ;
;                            ;             ;
; Average used               ; 1.00        ;
; Maximum used               ; 1           ;
;                            ;             ;
; Usage by Processor         ; % Time Used ;
;     Processor 1            ; 100.0%      ;
;     Processors 2-8         ;   0.0%      ;
+----------------------------+-------------+


+---------------------------------------------------------------------------------------------------------------------------------------------------------------------------------------------------------------------------------------+
; Analysis & Synthesis Source Files Read                                                                                                                                                                                                ;
+-------------------------------------------------+-----------------+----------------------------------------+----------------------------------------------------------------------------------------------------------------+---------+
; File Name with User-Entered Path                ; Used in Netlist ; File Type                              ; File Name with Absolute Path                                                                                   ; Library ;
+-------------------------------------------------+-----------------+----------------------------------------+----------------------------------------------------------------------------------------------------------------+---------+
; ../rtl/button_filter.v                          ; yes             ; User Verilog HDL File                  ; D:/FPGA_projects/DDS_signal_generator_freq_tuning/rtl/button_filter.v                                          ;         ;
; ../rtl/key_ctrl.v                               ; yes             ; User Verilog HDL File                  ; D:/FPGA_projects/DDS_signal_generator_freq_tuning/rtl/key_ctrl.v                                               ;         ;
; ../rtl/dds.v                                    ; yes             ; User Verilog HDL File                  ; D:/FPGA_projects/DDS_signal_generator_freq_tuning/rtl/dds.v                                                    ;         ;
; ../rtl/dds_ctrl.v                               ; yes             ; User Verilog HDL File                  ; D:/FPGA_projects/DDS_signal_generator_freq_tuning/rtl/dds_ctrl.v                                               ;         ;
; IP_core_files/rom_4_waveforms/rom_4_waveforms.v ; yes             ; User Wizard-Generated File             ; D:/FPGA_projects/DDS_signal_generator_freq_tuning/quartus_proj/IP_core_files/rom_4_waveforms/rom_4_waveforms.v ;         ;
; altsyncram.tdf                                  ; yes             ; Megafunction                           ; c:/fpga_dev_softwares/quartus_ii_13p0/quartus/libraries/megafunctions/altsyncram.tdf                           ;         ;
; stratix_ram_block.inc                           ; yes             ; Megafunction                           ; c:/fpga_dev_softwares/quartus_ii_13p0/quartus/libraries/megafunctions/stratix_ram_block.inc                    ;         ;
; lpm_mux.inc                                     ; yes             ; Megafunction                           ; c:/fpga_dev_softwares/quartus_ii_13p0/quartus/libraries/megafunctions/lpm_mux.inc                              ;         ;
; lpm_decode.inc                                  ; yes             ; Megafunction                           ; c:/fpga_dev_softwares/quartus_ii_13p0/quartus/libraries/megafunctions/lpm_decode.inc                           ;         ;
; aglobal130.inc                                  ; yes             ; Megafunction                           ; c:/fpga_dev_softwares/quartus_ii_13p0/quartus/libraries/megafunctions/aglobal130.inc                           ;         ;
; a_rdenreg.inc                                   ; yes             ; Megafunction                           ; c:/fpga_dev_softwares/quartus_ii_13p0/quartus/libraries/megafunctions/a_rdenreg.inc                            ;         ;
; altrom.inc                                      ; yes             ; Megafunction                           ; c:/fpga_dev_softwares/quartus_ii_13p0/quartus/libraries/megafunctions/altrom.inc                               ;         ;
; altram.inc                                      ; yes             ; Megafunction                           ; c:/fpga_dev_softwares/quartus_ii_13p0/quartus/libraries/megafunctions/altram.inc                               ;         ;
; altdpram.inc                                    ; yes             ; Megafunction                           ; c:/fpga_dev_softwares/quartus_ii_13p0/quartus/libraries/megafunctions/altdpram.inc                             ;         ;
; db/altsyncram_v6a1.tdf                          ; yes             ; Auto-Generated Megafunction            ; D:/FPGA_projects/DDS_signal_generator_freq_tuning/quartus_proj/db/altsyncram_v6a1.tdf                          ;         ;
; 4_wave_memory.mif                               ; yes             ; Auto-Found Memory Initialization File  ; D:/FPGA_projects/DDS_signal_generator_freq_tuning/quartus_proj/4_wave_memory.mif                               ;         ;
; db/decode_c8a.tdf                               ; yes             ; Auto-Generated Megafunction            ; D:/FPGA_projects/DDS_signal_generator_freq_tuning/quartus_proj/db/decode_c8a.tdf                               ;         ;
; db/mux_3nb.tdf                                  ; yes             ; Auto-Generated Megafunction            ; D:/FPGA_projects/DDS_signal_generator_freq_tuning/quartus_proj/db/mux_3nb.tdf                                  ;         ;
; lpm_mult.tdf                                    ; yes             ; Megafunction                           ; c:/fpga_dev_softwares/quartus_ii_13p0/quartus/libraries/megafunctions/lpm_mult.tdf                             ;         ;
; lpm_add_sub.inc                                 ; yes             ; Megafunction                           ; c:/fpga_dev_softwares/quartus_ii_13p0/quartus/libraries/megafunctions/lpm_add_sub.inc                          ;         ;
; multcore.inc                                    ; yes             ; Megafunction                           ; c:/fpga_dev_softwares/quartus_ii_13p0/quartus/libraries/megafunctions/multcore.inc                             ;         ;
; bypassff.inc                                    ; yes             ; Megafunction                           ; c:/fpga_dev_softwares/quartus_ii_13p0/quartus/libraries/megafunctions/bypassff.inc                             ;         ;
; altshift.inc                                    ; yes             ; Megafunction                           ; c:/fpga_dev_softwares/quartus_ii_13p0/quartus/libraries/megafunctions/altshift.inc                             ;         ;
; db/mult_rgt.tdf                                 ; yes             ; Auto-Generated Megafunction            ; D:/FPGA_projects/DDS_signal_generator_freq_tuning/quartus_proj/db/mult_rgt.tdf                                 ;         ;
+-------------------------------------------------+-----------------+----------------------------------------+----------------------------------------------------------------------------------------------------------------+---------+


+-------------------------------------------------------------+
; Analysis & Synthesis Resource Usage Summary                 ;
+---------------------------------------------+---------------+
; Resource                                    ; Usage         ;
+---------------------------------------------+---------------+
; Estimated Total logic elements              ; 234           ;
;                                             ;               ;
; Total combinational functions               ; 208           ;
; Logic element usage by number of LUT inputs ;               ;
;     -- 4 input functions                    ; 19            ;
;     -- 3 input functions                    ; 77            ;
;     -- <=2 input functions                  ; 112           ;
;                                             ;               ;
; Logic elements by mode                      ;               ;
;     -- normal mode                          ; 53            ;
;     -- arithmetic mode                      ; 155           ;
;                                             ;               ;
; Total registers                             ; 135           ;
;     -- Dedicated logic registers            ; 135           ;
;     -- I/O registers                        ; 0             ;
;                                             ;               ;
; I/O pins                                    ; 15            ;
; Total memory bits                           ; 131072        ;
; Embedded Multiplier 9-bit elements          ; 6             ;
; Maximum fan-out node                        ; sys_clk~input ;
; Maximum fan-out                             ; 152           ;
; Total fan-out                               ; 1323          ;
; Average fan-out                             ; 3.35          ;
+---------------------------------------------+---------------+


+------------------------------------------------------------------------------------------------------------------------------------------------------------------------------------------------------------------------------------------------------------------------------------------------------------------------+
; Analysis & Synthesis Resource Utilization by Entity                                                                                                                                                                                                                                                                    ;
+----------------------------------------------+-------------------+--------------+-------------+--------------+---------+-----------+------+--------------+----------------------------------------------------------------------------------------------------------------------------------------------+--------------+
; Compilation Hierarchy Node                   ; LC Combinationals ; LC Registers ; Memory Bits ; DSP Elements ; DSP 9x9 ; DSP 18x18 ; Pins ; Virtual Pins ; Full Hierarchy Name                                                                                                                          ; Library Name ;
+----------------------------------------------+-------------------+--------------+-------------+--------------+---------+-----------+------+--------------+----------------------------------------------------------------------------------------------------------------------------------------------+--------------+
; |dds                                         ; 208 (4)           ; 135 (0)      ; 131072      ; 6            ; 0       ; 3         ; 15   ; 0            ; |dds                                                                                                                                         ; work         ;
;    |dds_ctrl:dds_ctrl_inst|                  ; 107 (71)          ; 60 (58)      ; 131072      ; 6            ; 0       ; 3         ; 0    ; 0            ; |dds|dds_ctrl:dds_ctrl_inst                                                                                                                  ; work         ;
;       |lpm_mult:Mult0|                       ; 28 (0)            ; 0 (0)        ; 0           ; 6            ; 0       ; 3         ; 0    ; 0            ; |dds|dds_ctrl:dds_ctrl_inst|lpm_mult:Mult0                                                                                                   ; work         ;
;          |mult_rgt:auto_generated|           ; 28 (28)           ; 0 (0)        ; 0           ; 6            ; 0       ; 3         ; 0    ; 0            ; |dds|dds_ctrl:dds_ctrl_inst|lpm_mult:Mult0|mult_rgt:auto_generated                                                                           ; work         ;
;       |rom_4_waveforms:rom_4_waveforms_inst| ; 8 (0)             ; 2 (0)        ; 131072      ; 0            ; 0       ; 0         ; 0    ; 0            ; |dds|dds_ctrl:dds_ctrl_inst|rom_4_waveforms:rom_4_waveforms_inst                                                                             ; work         ;
;          |altsyncram:altsyncram_component|   ; 8 (0)             ; 2 (0)        ; 131072      ; 0            ; 0       ; 0         ; 0    ; 0            ; |dds|dds_ctrl:dds_ctrl_inst|rom_4_waveforms:rom_4_waveforms_inst|altsyncram:altsyncram_component                                             ; work         ;
;             |altsyncram_v6a1:auto_generated| ; 8 (0)             ; 2 (2)        ; 131072      ; 0            ; 0       ; 0         ; 0    ; 0            ; |dds|dds_ctrl:dds_ctrl_inst|rom_4_waveforms:rom_4_waveforms_inst|altsyncram:altsyncram_component|altsyncram_v6a1:auto_generated              ; work         ;
;                |mux_3nb:mux2|                ; 8 (8)             ; 0 (0)        ; 0           ; 0            ; 0       ; 0         ; 0    ; 0            ; |dds|dds_ctrl:dds_ctrl_inst|rom_4_waveforms:rom_4_waveforms_inst|altsyncram:altsyncram_component|altsyncram_v6a1:auto_generated|mux_3nb:mux2 ; work         ;
;    |key_ctrl:key_ctrl_inst|                  ; 97 (13)           ; 75 (12)      ; 0           ; 0            ; 0       ; 0         ; 0    ; 0            ; |dds|key_ctrl:key_ctrl_inst                                                                                                                  ; work         ;
;       |button_filter:button_filter_inst0|    ; 28 (28)           ; 21 (21)      ; 0           ; 0            ; 0       ; 0         ; 0    ; 0            ; |dds|key_ctrl:key_ctrl_inst|button_filter:button_filter_inst0                                                                                ; work         ;
;       |button_filter:button_filter_inst1|    ; 28 (28)           ; 21 (21)      ; 0           ; 0            ; 0       ; 0         ; 0    ; 0            ; |dds|key_ctrl:key_ctrl_inst|button_filter:button_filter_inst1                                                                                ; work         ;
;       |button_filter:button_filter_inst2|    ; 28 (28)           ; 21 (21)      ; 0           ; 0            ; 0       ; 0         ; 0    ; 0            ; |dds|key_ctrl:key_ctrl_inst|button_filter:button_filter_inst2                                                                                ; work         ;
+----------------------------------------------+-------------------+--------------+-------------+--------------+---------+-----------+------+--------------+----------------------------------------------------------------------------------------------------------------------------------------------+--------------+
Note: For table entries with two numbers listed, the numbers in parentheses indicate the number of resources of the given type used by the specific entity alone. The numbers listed outside of parentheses indicate the total resources of the given type used by the specific entity and all of its sub-entities in the hierarchy.


+-------------------------------------------------------------------------------------------------------------------------------------------------------------------------------------------------------------------------------------------------+
; Analysis & Synthesis RAM Summary                                                                                                                                                                                                                ;
+---------------------------------------------------------------------------------------------------------------------------------------+------+------+--------------+--------------+--------------+--------------+--------+----------------------+
; Name                                                                                                                                  ; Type ; Mode ; Port A Depth ; Port A Width ; Port B Depth ; Port B Width ; Size   ; MIF                  ;
+---------------------------------------------------------------------------------------------------------------------------------------+------+------+--------------+--------------+--------------+--------------+--------+----------------------+
; dds_ctrl:dds_ctrl_inst|rom_4_waveforms:rom_4_waveforms_inst|altsyncram:altsyncram_component|altsyncram_v6a1:auto_generated|ALTSYNCRAM ; AUTO ; ROM  ; 16384        ; 8            ; --           ; --           ; 131072 ; ../4_wave_memory.mif ;
+---------------------------------------------------------------------------------------------------------------------------------------+------+------+--------------+--------------+--------------+--------------+--------+----------------------+


+-----------------------------------------------------+
; Analysis & Synthesis DSP Block Usage Summary        ;
+---------------------------------------+-------------+
; Statistic                             ; Number Used ;
+---------------------------------------+-------------+
; Simple Multipliers (9-bit)            ; 0           ;
; Simple Multipliers (18-bit)           ; 3           ;
; Embedded Multiplier Blocks            ; --          ;
; Embedded Multiplier 9-bit elements    ; 6           ;
; Signed Embedded Multipliers           ; 0           ;
; Unsigned Embedded Multipliers         ; 3           ;
; Mixed Sign Embedded Multipliers       ; 0           ;
; Variable Sign Embedded Multipliers    ; 0           ;
; Dedicated Input Shift Register Chains ; 0           ;
+---------------------------------------+-------------+
Note: number of Embedded Multiplier Blocks used is only available after a successful fit.


+---------------------------------------------------------------------------------------------------------------------------------------------------------------------------------------------------------------------------------------------------+
; Analysis & Synthesis IP Cores Summary                                                                                                                                                                                                             ;
+--------+--------------+---------+--------------+--------------+------------------------------------------------------------------+----------------------------------------------------------------------------------------------------------------+
; Vendor ; IP Core Name ; Version ; Release Date ; License Type ; Entity Instance                                                  ; IP Include File                                                                                                ;
+--------+--------------+---------+--------------+--------------+------------------------------------------------------------------+----------------------------------------------------------------------------------------------------------------+
; Altera ; ROM: 1-PORT  ; 13.0    ; N/A          ; N/A          ; |dds|dds_ctrl:dds_ctrl_inst|rom_4_waveforms:rom_4_waveforms_inst ; D:/FPGA_projects/DDS_signal_generator_freq_tuning/quartus_proj/IP_core_files/rom_4_waveforms/rom_4_waveforms.v ;
+--------+--------------+---------+--------------+--------------+------------------------------------------------------------------+----------------------------------------------------------------------------------------------------------------+


+------------------------------------------------------+
; General Register Statistics                          ;
+----------------------------------------------+-------+
; Statistic                                    ; Value ;
+----------------------------------------------+-------+
; Total registers                              ; 135   ;
; Number of registers using Synchronous Clear  ; 0     ;
; Number of registers using Synchronous Load   ; 60    ;
; Number of registers using Asynchronous Clear ; 128   ;
; Number of registers using Asynchronous Load  ; 0     ;
; Number of registers using Clock Enable       ; 8     ;
; Number of registers using Preset             ; 0     ;
+----------------------------------------------+-------+


+------------------------------------------------------------------------------------------------------------------------------------------------------------------------------------------+
; Multiplexer Restructuring Statistics (Restructuring Performed)                                                                                                                           ;
+--------------------+-----------+---------------+----------------------+------------------------+------------+----------------------------------------------------------------------------+
; Multiplexer Inputs ; Bus Width ; Baseline Area ; Area if Restructured ; Saving if Restructured ; Registered ; Example Multiplexer Output                                                 ;
+--------------------+-----------+---------------+----------------------+------------------------+------------+----------------------------------------------------------------------------+
; 3:1                ; 20 bits   ; 40 LEs        ; 40 LEs               ; 0 LEs                  ; Yes        ; |dds|key_ctrl:key_ctrl_inst|button_filter:button_filter_inst0|cnt_20ms[19] ;
; 3:1                ; 20 bits   ; 40 LEs        ; 40 LEs               ; 0 LEs                  ; Yes        ; |dds|key_ctrl:key_ctrl_inst|button_filter:button_filter_inst1|cnt_20ms[7]  ;
; 3:1                ; 20 bits   ; 40 LEs        ; 40 LEs               ; 0 LEs                  ; Yes        ; |dds|key_ctrl:key_ctrl_inst|button_filter:button_filter_inst2|cnt_20ms[19] ;
+--------------------+-----------+---------------+----------------------+------------------------+------------+----------------------------------------------------------------------------+


+---------------------------------------------------------------------------------------------------------------------------------------------------+
; Source assignments for dds_ctrl:dds_ctrl_inst|rom_4_waveforms:rom_4_waveforms_inst|altsyncram:altsyncram_component|altsyncram_v6a1:auto_generated ;
+---------------------------------+--------------------+------+-------------------------------------------------------------------------------------+
; Assignment                      ; Value              ; From ; To                                                                                  ;
+---------------------------------+--------------------+------+-------------------------------------------------------------------------------------+
; OPTIMIZE_POWER_DURING_SYNTHESIS ; NORMAL_COMPILATION ; -    ; -                                                                                   ;
+---------------------------------+--------------------+------+-------------------------------------------------------------------------------------+


+-------------------------------------------------------------------------------------------------------+
; Parameter Settings for User Entity Instance: key_ctrl:key_ctrl_inst|button_filter:button_filter_inst1 ;
+----------------+----------------------+---------------------------------------------------------------+
; Parameter Name ; Value                ; Type                                                          ;
+----------------+----------------------+---------------------------------------------------------------+
; CNT_MAX        ; 11110100001000111111 ; Unsigned Binary                                               ;
+----------------+----------------------+---------------------------------------------------------------+
Note: In order to hide this table in the UI and the text report file, please set the "Show Parameter Settings in Synthesis Report" option in "Analysis and Synthesis Settings -> More Settings" to "Off".


+-------------------------------------------------------------------------------------------------------+
; Parameter Settings for User Entity Instance: key_ctrl:key_ctrl_inst|button_filter:button_filter_inst0 ;
+----------------+----------------------+---------------------------------------------------------------+
; Parameter Name ; Value                ; Type                                                          ;
+----------------+----------------------+---------------------------------------------------------------+
; CNT_MAX        ; 11110100001000111111 ; Unsigned Binary                                               ;
+----------------+----------------------+---------------------------------------------------------------+
Note: In order to hide this table in the UI and the text report file, please set the "Show Parameter Settings in Synthesis Report" option in "Analysis and Synthesis Settings -> More Settings" to "Off".


+-------------------------------------------------------------------------------------------------------+
; Parameter Settings for User Entity Instance: key_ctrl:key_ctrl_inst|button_filter:button_filter_inst2 ;
+----------------+----------------------+---------------------------------------------------------------+
; Parameter Name ; Value                ; Type                                                          ;
+----------------+----------------------+---------------------------------------------------------------+
; CNT_MAX        ; 11110100001000111111 ; Unsigned Binary                                               ;
+----------------+----------------------+---------------------------------------------------------------+
Note: In order to hide this table in the UI and the text report file, please set the "Show Parameter Settings in Synthesis Report" option in "Analysis and Synthesis Settings -> More Settings" to "Off".


+---------------------------------------------------------------------+
; Parameter Settings for User Entity Instance: dds_ctrl:dds_ctrl_inst ;
+----------------+----------------------------------+-----------------+
; Parameter Name ; Value                            ; Type            ;
+----------------+----------------------------------+-----------------+
; freq_word_incr ; 00000000010000011000100100110111 ; Unsigned Binary ;
; freq_word      ; 00000101000111101011100001010010 ; Unsigned Binary ;
; pha_word       ; 010000000000                     ; Unsigned Binary ;
+----------------+----------------------------------+-----------------+
Note: In order to hide this table in the UI and the text report file, please set the "Show Parameter Settings in Synthesis Report" option in "Analysis and Synthesis Settings -> More Settings" to "Off".


+------------------------------------------------------------------------------------------------------------------------------------------+
; Parameter Settings for User Entity Instance: dds_ctrl:dds_ctrl_inst|rom_4_waveforms:rom_4_waveforms_inst|altsyncram:altsyncram_component ;
+------------------------------------+----------------------+------------------------------------------------------------------------------+
; Parameter Name                     ; Value                ; Type                                                                         ;
+------------------------------------+----------------------+------------------------------------------------------------------------------+
; BYTE_SIZE_BLOCK                    ; 8                    ; Untyped                                                                      ;
; AUTO_CARRY_CHAINS                  ; ON                   ; AUTO_CARRY                                                                   ;
; IGNORE_CARRY_BUFFERS               ; OFF                  ; IGNORE_CARRY                                                                 ;
; AUTO_CASCADE_CHAINS                ; ON                   ; AUTO_CASCADE                                                                 ;
; IGNORE_CASCADE_BUFFERS             ; OFF                  ; IGNORE_CASCADE                                                               ;
; WIDTH_BYTEENA                      ; 1                    ; Untyped                                                                      ;
; OPERATION_MODE                     ; ROM                  ; Untyped                                                                      ;
; WIDTH_A                            ; 8                    ; Signed Integer                                                               ;
; WIDTHAD_A                          ; 14                   ; Signed Integer                                                               ;
; NUMWORDS_A                         ; 16384                ; Signed Integer                                                               ;
; OUTDATA_REG_A                      ; CLOCK0               ; Untyped                                                                      ;
; ADDRESS_ACLR_A                     ; NONE                 ; Untyped                                                                      ;
; OUTDATA_ACLR_A                     ; NONE                 ; Untyped                                                                      ;
; WRCONTROL_ACLR_A                   ; NONE                 ; Untyped                                                                      ;
; INDATA_ACLR_A                      ; NONE                 ; Untyped                                                                      ;
; BYTEENA_ACLR_A                     ; NONE                 ; Untyped                                                                      ;
; WIDTH_B                            ; 1                    ; Untyped                                                                      ;
; WIDTHAD_B                          ; 1                    ; Untyped                                                                      ;
; NUMWORDS_B                         ; 1                    ; Untyped                                                                      ;
; INDATA_REG_B                       ; CLOCK1               ; Untyped                                                                      ;
; WRCONTROL_WRADDRESS_REG_B          ; CLOCK1               ; Untyped                                                                      ;
; RDCONTROL_REG_B                    ; CLOCK1               ; Untyped                                                                      ;
; ADDRESS_REG_B                      ; CLOCK1               ; Untyped                                                                      ;
; OUTDATA_REG_B                      ; UNREGISTERED         ; Untyped                                                                      ;
; BYTEENA_REG_B                      ; CLOCK1               ; Untyped                                                                      ;
; INDATA_ACLR_B                      ; NONE                 ; Untyped                                                                      ;
; WRCONTROL_ACLR_B                   ; NONE                 ; Untyped                                                                      ;
; ADDRESS_ACLR_B                     ; NONE                 ; Untyped                                                                      ;
; OUTDATA_ACLR_B                     ; NONE                 ; Untyped                                                                      ;
; RDCONTROL_ACLR_B                   ; NONE                 ; Untyped                                                                      ;
; BYTEENA_ACLR_B                     ; NONE                 ; Untyped                                                                      ;
; WIDTH_BYTEENA_A                    ; 1                    ; Signed Integer                                                               ;
; WIDTH_BYTEENA_B                    ; 1                    ; Untyped                                                                      ;
; RAM_BLOCK_TYPE                     ; AUTO                 ; Untyped                                                                      ;
; BYTE_SIZE                          ; 8                    ; Untyped                                                                      ;
; READ_DURING_WRITE_MODE_MIXED_PORTS ; DONT_CARE            ; Untyped                                                                      ;
; READ_DURING_WRITE_MODE_PORT_A      ; NEW_DATA_NO_NBE_READ ; Untyped                                                                      ;
; READ_DURING_WRITE_MODE_PORT_B      ; NEW_DATA_NO_NBE_READ ; Untyped                                                                      ;
; INIT_FILE                          ; ../4_wave_memory.mif ; Untyped                                                                      ;
; INIT_FILE_LAYOUT                   ; PORT_A               ; Untyped                                                                      ;
; MAXIMUM_DEPTH                      ; 0                    ; Untyped                                                                      ;
; CLOCK_ENABLE_INPUT_A               ; BYPASS               ; Untyped                                                                      ;
; CLOCK_ENABLE_INPUT_B               ; NORMAL               ; Untyped                                                                      ;
; CLOCK_ENABLE_OUTPUT_A              ; BYPASS               ; Untyped                                                                      ;
; CLOCK_ENABLE_OUTPUT_B              ; NORMAL               ; Untyped                                                                      ;
; CLOCK_ENABLE_CORE_A                ; USE_INPUT_CLKEN      ; Untyped                                                                      ;
; CLOCK_ENABLE_CORE_B                ; USE_INPUT_CLKEN      ; Untyped                                                                      ;
; ENABLE_ECC                         ; FALSE                ; Untyped                                                                      ;
; ECC_PIPELINE_STAGE_ENABLED         ; FALSE                ; Untyped                                                                      ;
; WIDTH_ECCSTATUS                    ; 3                    ; Untyped                                                                      ;
; DEVICE_FAMILY                      ; Cyclone IV E         ; Untyped                                                                      ;
; CBXI_PARAMETER                     ; altsyncram_v6a1      ; Untyped                                                                      ;
+------------------------------------+----------------------+------------------------------------------------------------------------------+
Note: In order to hide this table in the UI and the text report file, please set the "Show Parameter Settings in Synthesis Report" option in "Analysis and Synthesis Settings -> More Settings" to "Off".


+----------------------------------------------------------------------------------------+
; Parameter Settings for Inferred Entity Instance: dds_ctrl:dds_ctrl_inst|lpm_mult:Mult0 ;
+------------------------------------------------+--------------+------------------------+
; Parameter Name                                 ; Value        ; Type                   ;
+------------------------------------------------+--------------+------------------------+
; AUTO_CARRY_CHAINS                              ; ON           ; AUTO_CARRY             ;
; IGNORE_CARRY_BUFFERS                           ; OFF          ; IGNORE_CARRY           ;
; AUTO_CASCADE_CHAINS                            ; ON           ; AUTO_CASCADE           ;
; IGNORE_CASCADE_BUFFERS                         ; OFF          ; IGNORE_CASCADE         ;
; LPM_WIDTHA                                     ; 23           ; Untyped                ;
; LPM_WIDTHB                                     ; 32           ; Untyped                ;
; LPM_WIDTHP                                     ; 55           ; Untyped                ;
; LPM_WIDTHR                                     ; 55           ; Untyped                ;
; LPM_WIDTHS                                     ; 1            ; Untyped                ;
; LPM_REPRESENTATION                             ; UNSIGNED     ; Untyped                ;
; LPM_PIPELINE                                   ; 0            ; Untyped                ;
; LATENCY                                        ; 0            ; Untyped                ;
; INPUT_A_IS_CONSTANT                            ; YES          ; Untyped                ;
; INPUT_B_IS_CONSTANT                            ; NO           ; Untyped                ;
; USE_EAB                                        ; OFF          ; Untyped                ;
; MAXIMIZE_SPEED                                 ; 5            ; Untyped                ;
; DEVICE_FAMILY                                  ; Cyclone IV E ; Untyped                ;
; CARRY_CHAIN                                    ; MANUAL       ; Untyped                ;
; APEX20K_TECHNOLOGY_MAPPER                      ; LUT          ; TECH_MAPPER_APEX20K    ;
; DEDICATED_MULTIPLIER_CIRCUITRY                 ; AUTO         ; Untyped                ;
; DEDICATED_MULTIPLIER_MIN_INPUT_WIDTH_FOR_AUTO  ; 0            ; Untyped                ;
; DEDICATED_MULTIPLIER_MIN_OUTPUT_WIDTH_FOR_AUTO ; 0            ; Untyped                ;
; CBXI_PARAMETER                                 ; mult_rgt     ; Untyped                ;
; INPUT_A_FIXED_VALUE                            ; Bx           ; Untyped                ;
; INPUT_B_FIXED_VALUE                            ; Bx           ; Untyped                ;
; USE_AHDL_IMPLEMENTATION                        ; OFF          ; Untyped                ;
+------------------------------------------------+--------------+------------------------+
Note: In order to hide this table in the UI and the text report file, please set the "Show Parameter Settings in Synthesis Report" option in "Analysis and Synthesis Settings -> More Settings" to "Off".


+-----------------------------------------------------------------------------------------------------------------------------------------+
; altsyncram Parameter Settings by Entity Instance                                                                                        ;
+-------------------------------------------+---------------------------------------------------------------------------------------------+
; Name                                      ; Value                                                                                       ;
+-------------------------------------------+---------------------------------------------------------------------------------------------+
; Number of entity instances                ; 1                                                                                           ;
; Entity Instance                           ; dds_ctrl:dds_ctrl_inst|rom_4_waveforms:rom_4_waveforms_inst|altsyncram:altsyncram_component ;
;     -- OPERATION_MODE                     ; ROM                                                                                         ;
;     -- WIDTH_A                            ; 8                                                                                           ;
;     -- NUMWORDS_A                         ; 16384                                                                                       ;
;     -- OUTDATA_REG_A                      ; CLOCK0                                                                                      ;
;     -- WIDTH_B                            ; 1                                                                                           ;
;     -- NUMWORDS_B                         ; 1                                                                                           ;
;     -- ADDRESS_REG_B                      ; CLOCK1                                                                                      ;
;     -- OUTDATA_REG_B                      ; UNREGISTERED                                                                                ;
;     -- RAM_BLOCK_TYPE                     ; AUTO                                                                                        ;
;     -- READ_DURING_WRITE_MODE_MIXED_PORTS ; DONT_CARE                                                                                   ;
+-------------------------------------------+---------------------------------------------------------------------------------------------+


+-------------------------------------------------------------------------------+
; lpm_mult Parameter Settings by Entity Instance                                ;
+---------------------------------------+---------------------------------------+
; Name                                  ; Value                                 ;
+---------------------------------------+---------------------------------------+
; Number of entity instances            ; 1                                     ;
; Entity Instance                       ; dds_ctrl:dds_ctrl_inst|lpm_mult:Mult0 ;
;     -- LPM_WIDTHA                     ; 23                                    ;
;     -- LPM_WIDTHB                     ; 32                                    ;
;     -- LPM_WIDTHP                     ; 55                                    ;
;     -- LPM_REPRESENTATION             ; UNSIGNED                              ;
;     -- INPUT_A_IS_CONSTANT            ; YES                                   ;
;     -- INPUT_B_IS_CONSTANT            ; NO                                    ;
;     -- USE_EAB                        ; OFF                                   ;
;     -- DEDICATED_MULTIPLIER_CIRCUITRY ; AUTO                                  ;
;     -- INPUT_A_FIXED_VALUE            ; Bx                                    ;
;     -- INPUT_B_FIXED_VALUE            ; Bx                                    ;
+---------------------------------------+---------------------------------------+


+------------------------------------------------------------------------------------------------------------------------------------------------------------------------------------------------------------+
; Port Connectivity Checks: "key_ctrl:key_ctrl_inst"                                                                                                                                                         ;
+------+-------+----------+----------------------------------------------------------------------------------------------------------------------------------------------------------------------------------+
; Port ; Type  ; Severity ; Details                                                                                                                                                                          ;
+------+-------+----------+----------------------------------------------------------------------------------------------------------------------------------------------------------------------------------+
; key  ; Input ; Warning  ; Input port expression (4 bits) is wider than the input port (3 bits) it drives.  The 1 most-significant bit(s) in the expression will be dangling if they have no other fanouts. ;
+------+-------+----------+----------------------------------------------------------------------------------------------------------------------------------------------------------------------------------+


+-------------------------------+
; Elapsed Time Per Partition    ;
+----------------+--------------+
; Partition Name ; Elapsed Time ;
+----------------+--------------+
; Top            ; 00:00:00     ;
+----------------+--------------+


+-------------------------------+
; Analysis & Synthesis Messages ;
+-------------------------------+
Info: *******************************************************************
Info: Running Quartus II 64-Bit Analysis & Synthesis
    Info: Version 13.0.1 Build 232 06/12/2013 Service Pack 1 SJ Full Version
    Info: Processing started: Tue Feb 11 18:26:25 2025
Info: Command: quartus_map --read_settings_files=on --write_settings_files=off DDS_signal_generator -c DDS_signal_generator
Info (11104): Parallel Compilation has detected 8 hyper-threaded processors. However, the extra hyper-threaded processors will not be used by default. Parallel Compilation will use 4 of the 4 physical processors detected instead.
Info (12021): Found 1 design units, including 1 entities, in source file /fpga_projects/dds_signal_generator_freq_tuning/simulation/tb_dds_top.v
    Info (12023): Found entity 1: tb_dds_top
Info (12021): Found 1 design units, including 1 entities, in source file /fpga_projects/dds_signal_generator_freq_tuning/rtl/button_filter.v
    Info (12023): Found entity 1: button_filter
Info (12021): Found 1 design units, including 1 entities, in source file /fpga_projects/dds_signal_generator_freq_tuning/rtl/key_ctrl.v
    Info (12023): Found entity 1: key_ctrl
Info (12021): Found 1 design units, including 1 entities, in source file /fpga_projects/dds_signal_generator_freq_tuning/rtl/dds.v
    Info (12023): Found entity 1: dds
Info (12021): Found 1 design units, including 1 entities, in source file /fpga_projects/dds_signal_generator_freq_tuning/simulation/tb_dds_ctrl.v
    Info (12023): Found entity 1: tb_dds_ctrl
Info (12021): Found 1 design units, including 1 entities, in source file /fpga_projects/dds_signal_generator_freq_tuning/rtl/dds_ctrl.v
    Info (12023): Found entity 1: dds_ctrl
Info (12021): Found 1 design units, including 1 entities, in source file ip_core_files/rom_4_waveforms/rom_4_waveforms.v
    Info (12023): Found entity 1: rom_4_waveforms
Info (12127): Elaborating entity "dds" for the top level hierarchy
Info (12128): Elaborating entity "key_ctrl" for hierarchy "key_ctrl:key_ctrl_inst"
Warning (10230): Verilog HDL assignment warning at key_ctrl.v(25): truncated value with size 32 to match size of target (2)
Warning (10230): Verilog HDL assignment warning at key_ctrl.v(47): truncated value with size 32 to match size of target (5)
Warning (10230): Verilog HDL assignment warning at key_ctrl.v(49): truncated value with size 32 to match size of target (5)
Info (12128): Elaborating entity "button_filter" for hierarchy "key_ctrl:key_ctrl_inst|button_filter:button_filter_inst1"
Info (12128): Elaborating entity "dds_ctrl" for hierarchy "dds_ctrl:dds_ctrl_inst"
Warning (10230): Verilog HDL assignment warning at dds_ctrl.v(33): truncated value with size 32 to match size of target (12)
Info (12128): Elaborating entity "rom_4_waveforms" for hierarchy "dds_ctrl:dds_ctrl_inst|rom_4_waveforms:rom_4_waveforms_inst"
Info (12128): Elaborating entity "altsyncram" for hierarchy "dds_ctrl:dds_ctrl_inst|rom_4_waveforms:rom_4_waveforms_inst|altsyncram:altsyncram_component"
Info (12130): Elaborated megafunction instantiation "dds_ctrl:dds_ctrl_inst|rom_4_waveforms:rom_4_waveforms_inst|altsyncram:altsyncram_component"
Info (12133): Instantiated megafunction "dds_ctrl:dds_ctrl_inst|rom_4_waveforms:rom_4_waveforms_inst|altsyncram:altsyncram_component" with the following parameter:
    Info (12134): Parameter "address_aclr_a" = "NONE"
    Info (12134): Parameter "clock_enable_input_a" = "BYPASS"
    Info (12134): Parameter "clock_enable_output_a" = "BYPASS"
    Info (12134): Parameter "init_file" = "../4_wave_memory.mif"
    Info (12134): Parameter "intended_device_family" = "Cyclone IV E"
    Info (12134): Parameter "lpm_hint" = "ENABLE_RUNTIME_MOD=NO"
    Info (12134): Parameter "lpm_type" = "altsyncram"
    Info (12134): Parameter "numwords_a" = "16384"
    Info (12134): Parameter "operation_mode" = "ROM"
    Info (12134): Parameter "outdata_aclr_a" = "NONE"
    Info (12134): Parameter "outdata_reg_a" = "CLOCK0"
    Info (12134): Parameter "widthad_a" = "14"
    Info (12134): Parameter "width_a" = "8"
    Info (12134): Parameter "width_byteena_a" = "1"
Info (12021): Found 1 design units, including 1 entities, in source file db/altsyncram_v6a1.tdf
    Info (12023): Found entity 1: altsyncram_v6a1
Info (12128): Elaborating entity "altsyncram_v6a1" for hierarchy "dds_ctrl:dds_ctrl_inst|rom_4_waveforms:rom_4_waveforms_inst|altsyncram:altsyncram_component|altsyncram_v6a1:auto_generated"
Info (12021): Found 1 design units, including 1 entities, in source file db/decode_c8a.tdf
    Info (12023): Found entity 1: decode_c8a
Info (12128): Elaborating entity "decode_c8a" for hierarchy "dds_ctrl:dds_ctrl_inst|rom_4_waveforms:rom_4_waveforms_inst|altsyncram:altsyncram_component|altsyncram_v6a1:auto_generated|decode_c8a:rden_decode"
Info (12021): Found 1 design units, including 1 entities, in source file db/mux_3nb.tdf
    Info (12023): Found entity 1: mux_3nb
Info (12128): Elaborating entity "mux_3nb" for hierarchy "dds_ctrl:dds_ctrl_inst|rom_4_waveforms:rom_4_waveforms_inst|altsyncram:altsyncram_component|altsyncram_v6a1:auto_generated|mux_3nb:mux2"
Info (278001): Inferred 1 megafunctions from design logic
    Info (278003): Inferred multiplier megafunction ("lpm_mult") from the following logic: "dds_ctrl:dds_ctrl_inst|Mult0"
Info (12130): Elaborated megafunction instantiation "dds_ctrl:dds_ctrl_inst|lpm_mult:Mult0"
Info (12133): Instantiated megafunction "dds_ctrl:dds_ctrl_inst|lpm_mult:Mult0" with the following parameter:
    Info (12134): Parameter "LPM_WIDTHA" = "23"
    Info (12134): Parameter "LPM_WIDTHB" = "32"
    Info (12134): Parameter "LPM_WIDTHP" = "55"
    Info (12134): Parameter "LPM_WIDTHR" = "55"
    Info (12134): Parameter "LPM_WIDTHS" = "1"
    Info (12134): Parameter "LPM_REPRESENTATION" = "UNSIGNED"
    Info (12134): Parameter "INPUT_A_IS_CONSTANT" = "YES"
    Info (12134): Parameter "INPUT_B_IS_CONSTANT" = "NO"
    Info (12134): Parameter "MAXIMIZE_SPEED" = "5"
Info (12021): Found 1 design units, including 1 entities, in source file db/mult_rgt.tdf
    Info (12023): Found entity 1: mult_rgt
Warning (14284): Synthesized away the following node(s):
    Warning (14285): Synthesized away the following DSP element node(s):
        Warning (14320): Synthesized away node "dds_ctrl:dds_ctrl_inst|lpm_mult:Mult0|mult_rgt:auto_generated|mac_mult7"
        Warning (14320): Synthesized away node "dds_ctrl:dds_ctrl_inst|lpm_mult:Mult0|mult_rgt:auto_generated|mac_out8"
Warning (12241): 1 hierarchies have connectivity warnings - see the Connectivity Checks report folder
Info (13014): Ignored 84 buffer(s)
    Info (13019): Ignored 84 SOFT buffer(s)
Info (286030): Timing-Driven Synthesis is running
Info (16010): Generating hard_block partition "hard_block:auto_generated_inst"
    Info (16011): Adding 0 node(s), including 0 DDIO, 0 PLL, 0 transceiver and 0 LCELL
Warning (21074): Design contains 1 input pin(s) that do not drive logic
    Warning (15610): No output dependent on input pin "key[3]"
Info (21057): Implemented 271 device resources after synthesis - the final resource count might be different
    Info (21058): Implemented 6 input pins
    Info (21059): Implemented 9 output pins
    Info (21061): Implemented 234 logic cells
    Info (21064): Implemented 16 RAM segments
    Info (21062): Implemented 6 DSP elements
Info: Quartus II 64-Bit Analysis & Synthesis was successful. 0 errors, 11 warnings
    Info: Peak virtual memory: 4617 megabytes
    Info: Processing ended: Tue Feb 11 18:26:26 2025
    Info: Elapsed time: 00:00:01
    Info: Total CPU time (on all processors): 00:00:01


